2023-12-10 17:08:49,644 :: INFO :: Start experiment: iot2023oulu30-387486
2023-12-10 17:08:49,648 :: INFO :: Control node : Starting of control node serial interface
2023-12-10 17:08:49,651 :: INFO :: Control node : reset
2023-12-10 17:08:49,654 :: INFO :: Reset Control Node
2023-12-10 17:08:52,447 :: INFO :: Control node : start power of open node
2023-12-10 17:08:52,463 :: INFO :: Node OpenOCD: Setup of openocd node
2023-12-10 17:08:55,477 :: INFO :: Node OpenOCD: flash of openocd node
2023-12-10 17:08:55,483 :: INFO :: Flash firmware on OpenOCD: /tmp/tmpzjc4cfaf--0efd149f62697380f6ae2197b82a66a8_gcoap_api.elf
2023-12-10 17:09:01,868 :: INFO :: Control node : Start experiment
2023-12-10 17:09:01,934 :: INFO :: Control Node set time delay: 4733 us
2023-12-10 17:09:01,966 :: INFO :: Control node : profile configuration
2023-12-10 17:09:01,981 :: INFO :: Configure profile on Control Node
2023-12-10 17:09:02,036 :: INFO :: Start experiment succeeded
2023-12-10 18:09:06,359 :: INFO :: Gateway Manager : Stop experiment
2023-12-10 18:09:06,365 :: INFO :: Stop experiment
2023-12-10 18:09:06,369 :: INFO :: Control node : stop of the experiment
2023-12-10 18:09:06,374 :: INFO :: Control node : profile configuration
2023-12-10 18:09:06,377 :: INFO :: Configure profile on Control Node
2023-12-10 18:09:06,432 :: INFO :: Control node : start power of open node
2023-12-10 18:09:06,464 :: INFO :: Node OpenOCD: teardown of openocd node
2023-12-10 18:09:09,479 :: INFO :: openocd node debugger stop
2023-12-10 18:09:10,099 :: INFO :: Node OpenOCD: flash of openocd node
2023-12-10 18:09:10,103 :: INFO :: Flash firmware on OpenOCD: /usr/lib/python3.8/site-packages/gateway_code/static/m3_idle.elf
2023-12-10 18:09:12,247 :: INFO :: Control node : Stop control node serial interface
2023-12-10 18:09:12,252 :: INFO :: Control node : stop power of open node
2023-12-10 18:09:12,293 :: INFO :: Control node : reset
2023-12-10 18:09:12,296 :: INFO :: Reset Control Node
2023-12-10 18:09:15,037 :: INFO :: Stop experiment succeeded
