2023-11-23 21:59:32,199 :: INFO :: Start experiment: iot2023oulu30-385293
2023-11-23 21:59:32,203 :: INFO :: Control node : Starting of control node serial interface
2023-11-23 21:59:32,206 :: INFO :: Control node : reset
2023-11-23 21:59:32,209 :: INFO :: Reset Control Node
2023-11-23 21:59:35,013 :: INFO :: Control node : start power of open node
2023-11-23 21:59:35,030 :: INFO :: Node OpenOCD: Setup of openocd node
2023-11-23 21:59:38,045 :: INFO :: Node OpenOCD: flash of openocd node
2023-11-23 21:59:38,050 :: INFO :: Flash firmware on OpenOCD: /usr/lib/python3.8/site-packages/gateway_code/static/m3_idle.elf
2023-11-23 21:59:40,199 :: INFO :: Control node : Start experiment
2023-11-23 21:59:40,261 :: INFO :: Control Node set time delay: 2665 us
2023-11-23 21:59:40,300 :: INFO :: Control node : profile configuration
2023-11-23 21:59:40,314 :: INFO :: Configure profile on Control Node
2023-11-23 21:59:40,379 :: INFO :: Start experiment succeeded
2023-11-23 22:59:44,579 :: INFO :: Gateway Manager : Stop experiment
2023-11-23 22:59:44,585 :: INFO :: Stop experiment
2023-11-23 22:59:44,589 :: INFO :: Control node : stop of the experiment
2023-11-23 22:59:44,594 :: INFO :: Control node : profile configuration
2023-11-23 22:59:44,597 :: INFO :: Configure profile on Control Node
2023-11-23 22:59:44,647 :: INFO :: Control node : start power of open node
2023-11-23 22:59:44,679 :: INFO :: Node OpenOCD: teardown of openocd node
2023-11-23 22:59:47,694 :: INFO :: openocd node debugger stop
2023-11-23 22:59:48,315 :: INFO :: Node OpenOCD: flash of openocd node
2023-11-23 22:59:48,318 :: INFO :: Flash firmware on OpenOCD: /usr/lib/python3.8/site-packages/gateway_code/static/m3_idle.elf
2023-11-23 22:59:50,462 :: INFO :: Control node : Stop control node serial interface
2023-11-23 22:59:50,467 :: INFO :: Control node : stop power of open node
2023-11-23 22:59:50,507 :: INFO :: Control node : reset
2023-11-23 22:59:50,511 :: INFO :: Reset Control Node
2023-11-23 22:59:53,248 :: INFO :: Stop experiment succeeded
