2023-12-10 18:18:36,899 :: INFO :: Start experiment: iot2023oulu30-387491
2023-12-10 18:18:36,903 :: INFO :: Control node : Starting of control node serial interface
2023-12-10 18:18:36,906 :: INFO :: Control node : reset
2023-12-10 18:18:36,909 :: INFO :: Reset Control Node
2023-12-10 18:18:39,708 :: INFO :: Control node : start power of open node
2023-12-10 18:18:39,724 :: INFO :: Node OpenOCD: Setup of openocd node
2023-12-10 18:18:42,739 :: INFO :: Node OpenOCD: flash of openocd node
2023-12-10 18:18:42,744 :: INFO :: Flash firmware on OpenOCD: /usr/lib/python3.8/site-packages/gateway_code/static/m3_idle.elf
2023-12-10 18:18:44,894 :: INFO :: Control node : Start experiment
2023-12-10 18:18:44,957 :: INFO :: Control Node set time delay: 2617 us
2023-12-10 18:18:44,994 :: INFO :: Control node : profile configuration
2023-12-10 18:18:45,008 :: INFO :: Configure profile on Control Node
2023-12-10 18:18:45,073 :: INFO :: Start experiment succeeded
2023-12-10 18:19:01,994 :: INFO :: Gateway Manager : Flash of node
2023-12-10 18:19:01,999 :: INFO :: Flash firmware on open node: /tmp/tmppgkcokwn--firmware4039282387662778427-temperature_sensor.bin
2023-12-10 18:19:02,003 :: INFO :: Node OpenOCD: flash of openocd node
2023-12-10 18:19:02,006 :: INFO :: Flash firmware on OpenOCD: /tmp/tmppgkcokwn--firmware4039282387662778427-temperature_sensor.bin
2023-12-10 18:22:12,511 :: INFO :: Gateway Manager : Stop experiment
2023-12-10 18:22:12,516 :: INFO :: Stop experiment
2023-12-10 18:22:12,520 :: INFO :: Control node : stop of the experiment
2023-12-10 18:22:12,525 :: INFO :: Control node : profile configuration
2023-12-10 18:22:12,529 :: INFO :: Configure profile on Control Node
2023-12-10 18:22:12,588 :: INFO :: Control node : start power of open node
2023-12-10 18:22:12,620 :: INFO :: Node OpenOCD: teardown of openocd node
2023-12-10 18:22:15,634 :: INFO :: openocd node debugger stop
2023-12-10 18:22:16,255 :: INFO :: Node OpenOCD: flash of openocd node
2023-12-10 18:22:16,258 :: INFO :: Flash firmware on OpenOCD: /usr/lib/python3.8/site-packages/gateway_code/static/m3_idle.elf
2023-12-10 18:22:18,405 :: INFO :: Control node : Stop control node serial interface
2023-12-10 18:22:18,409 :: INFO :: Control node : stop power of open node
2023-12-10 18:22:18,448 :: INFO :: Control node : reset
2023-12-10 18:22:18,452 :: INFO :: Reset Control Node
2023-12-10 18:22:21,190 :: INFO :: Stop experiment succeeded
